<?xml version="1.0" encoding="UTF-8"?>
<!-- Generated by org.testng.reporters.JUnitReportReporter -->
<testsuite hostname="LTIN445772" failures="0" tests="3" name="testNG.HomeLoan" time="0.007" errors="0" timestamp="2024-08-01T20:41:49 IST" skipped="0">
  <testcase classname="testNG.HomeLoan" name="apiLoginHome" time="0.003"/>
  <system-out/>
  <testcase classname="testNG.HomeLoan" name="mobileLoginHome" time="0.002"/>
  <system-out/>
  <testcase classname="testNG.HomeLoan" name="webLoginHome" time="0.002"/>
  <system-out/>
</testsuite> <!-- testNG.HomeLoan -->
