<?xml version="1.0" encoding="UTF-8"?>
<!-- Generated by org.testng.reporters.JUnitReportReporter -->
<testsuite hostname="LTIN445772" failures="0" tests="6" name="testNG.CarLoan" time="0.041" errors="0" timestamp="2024-08-02T01:58:51 IST" skipped="1">
  <testcase classname="testNG.CarLoan" name="login" time="0.002"/>
  <system-out/>
  <testcase classname="testNG.CarLoan" name="login" time="0.003"/>
  <system-out/>
  <testcase classname="testNG.CarLoan" name="webLoginCar" time="0.017"/>
  <system-out/>
  <testcase classname="testNG.CarLoan" name="mobileSignInCar" time="0.017"/>
  <system-out/>
  <testcase classname="testNG.CarLoan" name="login" time="0.002"/>
  <system-out/>
  <testcase classname="testNG.CarLoan" name="apiLoginCar">
    <skipped/>
  </testcase> <!-- apiLoginCar -->
  <system-out/>
</testsuite> <!-- testNG.CarLoan -->
