<?xml version="1.0" encoding="UTF-8"?>
<!-- Generated by org.testng.reporters.JUnitReportReporter -->
<testsuite hostname="LTIN445772" failures="0" tests="2" name="day1" time="0.007" errors="0" timestamp="2024-08-01T14:36:54 IST" skipped="0">
  <testcase classname="day1" name="test1" time="0.006"/>
  <system-out/>
  <testcase classname="day1" name="test2" time="0.001"/>
  <system-out/>
</testsuite> <!-- day1 -->
