<?xml version="1.0" encoding="UTF-8"?>
<!-- Generated by org.testng.reporters.JUnitReportReporter -->
<testsuite hostname="LTIN445772" failures="0" tests="1" name="day2" time="0.009" errors="0" timestamp="2024-08-01T14:38:14 IST" skipped="0">
  <testcase classname="day2" name="test3" time="0.009"/>
  <system-out/>
</testsuite> <!-- day2 -->
