<?xml version="1.0" encoding="UTF-8"?>
<!-- Generated by org.testng.reporters.JUnitReportReporter -->
<testsuite hostname="LTIN445772" failures="0" tests="1" name="testNG.day2" time="0.028" errors="0" timestamp="2024-08-02T01:58:51 IST" skipped="0">
  <testcase classname="testNG.day2" name="test3" time="0.028"/>
  <system-out/>
</testsuite> <!-- testNG.day2 -->
