<?xml version="1.0" encoding="UTF-8"?>
<!-- Generated by org.testng.reporters.JUnitReportReporter -->
<testsuite hostname="LTIN445772" failures="0" tests="1" name="testNG.day1" time="0.005" errors="0" timestamp="2024-08-02T01:58:51 IST" skipped="0">
  <testcase classname="testNG.day1" name="test1" time="0.005"/>
  <system-out/>
</testsuite> <!-- testNG.day1 -->
